2021-08-10 09:21:28,519 INFO o.a.j.u.JMeterUtils: Setting Locale to en_EN
2021-08-10 09:21:28,536 INFO o.a.j.JMeter: Loading user properties from: user.properties
2021-08-10 09:21:28,536 INFO o.a.j.JMeter: Loading system properties from: system.properties
2021-08-10 09:21:28,542 INFO o.a.j.JMeter: Copyright (c) 1998-2021 The Apache Software Foundation
2021-08-10 09:21:28,542 INFO o.a.j.JMeter: Version 5.4.1
2021-08-10 09:21:28,542 INFO o.a.j.JMeter: java.version=11.0.11
2021-08-10 09:21:28,542 INFO o.a.j.JMeter: java.vm.name=OpenJDK 64-Bit Server VM
2021-08-10 09:21:28,542 INFO o.a.j.JMeter: os.name=Linux
2021-08-10 09:21:28,542 INFO o.a.j.JMeter: os.arch=amd64
2021-08-10 09:21:28,542 INFO o.a.j.JMeter: os.version=5.11.0-25-generic
2021-08-10 09:21:28,542 INFO o.a.j.JMeter: file.encoding=UTF-8
2021-08-10 09:21:28,542 INFO o.a.j.JMeter: java.awt.headless=null
2021-08-10 09:21:28,542 INFO o.a.j.JMeter: Max memory     =1073741824
2021-08-10 09:21:28,543 INFO o.a.j.JMeter: Available Processors =8
2021-08-10 09:21:28,550 INFO o.a.j.JMeter: Default Locale=English (EN)
2021-08-10 09:21:28,550 INFO o.a.j.JMeter: JMeter  Locale=English (EN)
2021-08-10 09:21:28,550 INFO o.a.j.JMeter: JMeterHome=/home/webjump242/QA/JMeter/jmeter
2021-08-10 09:21:28,550 INFO o.a.j.JMeter: user.dir  =/home/webjump242/QA/JMeter/jmeter/bin
2021-08-10 09:21:28,550 INFO o.a.j.JMeter: PWD       =/home/webjump242/QA/JMeter/jmeter/bin
2021-08-10 09:21:28,550 INFO o.a.j.JMeter: IP: 127.0.1.1 Name: webjump242-Inspiron-3501 FullName: webjump242-Inspiron-3501
2021-08-10 09:21:28,706 INFO o.a.j.JMeter: Setting LAF to: com.github.weisj.darklaf.DarkLaf:com.github.weisj.darklaf.theme.DarculaTheme
2021-08-10 09:21:29,115 INFO o.a.j.JMeter: Loaded icon properties from org/apache/jmeter/images/icon.properties
2021-08-10 09:26:02,354 INFO o.a.j.p.h.s.HTTPSamplerBase: Parser for text/html is org.apache.jmeter.protocol.http.parser.LagartoBasedHtmlParser
2021-08-10 09:26:02,355 INFO o.a.j.p.h.s.HTTPSamplerBase: Parser for application/xhtml+xml is org.apache.jmeter.protocol.http.parser.LagartoBasedHtmlParser
2021-08-10 09:26:02,355 INFO o.a.j.p.h.s.HTTPSamplerBase: Parser for application/xml is org.apache.jmeter.protocol.http.parser.LagartoBasedHtmlParser
2021-08-10 09:26:02,355 INFO o.a.j.p.h.s.HTTPSamplerBase: Parser for text/xml is org.apache.jmeter.protocol.http.parser.LagartoBasedHtmlParser
2021-08-10 09:26:02,355 INFO o.a.j.p.h.s.HTTPSamplerBase: Parser for text/vnd.wap.wml is org.apache.jmeter.protocol.http.parser.RegexpHTMLParser
2021-08-10 09:26:02,355 INFO o.a.j.p.h.s.HTTPSamplerBase: Parser for text/css is org.apache.jmeter.protocol.http.parser.CssParser
2021-08-10 09:29:58,717 INFO o.a.j.s.SampleResult: Note: Sample TimeStamps are START times
2021-08-10 09:29:58,717 INFO o.a.j.s.SampleResult: sampleresult.default.encoding is set to ISO-8859-1
2021-08-10 09:29:58,717 INFO o.a.j.s.SampleResult: sampleresult.useNanoTime=true
2021-08-10 09:29:58,717 INFO o.a.j.s.SampleResult: sampleresult.nanoThreadSleep=5000
2021-08-10 09:29:58,828 INFO o.a.j.v.ViewResultsFullVisualizer: Add JavaFX to your Java installation if you want to use renderer: org.apache.jmeter.visualizers.RenderInBrowser
2021-08-10 09:30:22,522 INFO o.a.j.e.StandardJMeterEngine: Running the test!
2021-08-10 09:30:22,522 INFO o.a.j.s.SampleEvent: List of sample_variables: []
2021-08-10 09:30:22,522 INFO o.a.j.s.SampleEvent: List of sample_variables: []
2021-08-10 09:30:22,523 INFO o.a.j.e.u.CompoundVariable: Note: Function class names must contain the string: '.functions.'
2021-08-10 09:30:22,523 INFO o.a.j.e.u.CompoundVariable: Note: Function class names must not contain the string: '.gui.'
2021-08-10 09:30:22,677 INFO o.a.j.g.u.JMeterMenuBar: setRunning(true, *local*)
2021-08-10 09:30:22,703 INFO o.a.j.e.StandardJMeterEngine: Starting ThreadGroup: 1 : Thread Group
2021-08-10 09:30:22,704 INFO o.a.j.e.StandardJMeterEngine: Starting 1 threads for group Thread Group.
2021-08-10 09:30:22,704 INFO o.a.j.e.StandardJMeterEngine: Thread will continue on error
2021-08-10 09:30:22,704 INFO o.a.j.t.ThreadGroup: Starting thread group... number=1 threads=1 ramp-up=1 delayedStart=false
2021-08-10 09:30:22,706 INFO o.a.j.t.ThreadGroup: Started thread group number 1
2021-08-10 09:30:22,706 INFO o.a.j.e.StandardJMeterEngine: All thread groups have been started
2021-08-10 09:30:22,707 INFO o.a.j.t.JMeterThread: Thread started: Thread Group 1-1
2021-08-10 09:30:22,719 INFO o.a.j.p.h.s.HTTPHCAbstractImpl: Local host = webjump242-Inspiron-3501
2021-08-10 09:30:22,724 INFO o.a.j.p.h.s.HTTPHC4Impl: HTTP request retry count = 0
2021-08-10 09:30:22,771 INFO o.a.j.t.JMeterThread: Thread is done: Thread Group 1-1
2021-08-10 09:30:22,771 INFO o.a.j.t.JMeterThread: Thread finished: Thread Group 1-1
2021-08-10 09:30:22,772 INFO o.a.j.e.StandardJMeterEngine: Notifying test listeners of end of test
2021-08-10 09:30:22,773 INFO o.a.j.s.FileServer: Default base='/home/webjump242/QA/JMeter/jmeter/bin'
2021-08-10 09:30:22,773 INFO o.a.j.g.u.JMeterMenuBar: setRunning(false, *local*)
2021-08-10 09:30:47,092 INFO o.a.j.e.StandardJMeterEngine: Running the test!
2021-08-10 09:30:47,093 INFO o.a.j.s.SampleEvent: List of sample_variables: []
2021-08-10 09:30:47,094 INFO o.a.j.g.u.JMeterMenuBar: setRunning(true, *local*)
2021-08-10 09:30:47,122 INFO o.a.j.e.StandardJMeterEngine: Starting ThreadGroup: 1 : Thread Group
2021-08-10 09:30:47,122 INFO o.a.j.e.StandardJMeterEngine: Starting 1 threads for group Thread Group.
2021-08-10 09:30:47,122 INFO o.a.j.e.StandardJMeterEngine: Thread will continue on error
2021-08-10 09:30:47,122 INFO o.a.j.t.ThreadGroup: Starting thread group... number=1 threads=1 ramp-up=1 delayedStart=false
2021-08-10 09:30:47,123 INFO o.a.j.t.ThreadGroup: Started thread group number 1
2021-08-10 09:30:47,123 INFO o.a.j.e.StandardJMeterEngine: All thread groups have been started
2021-08-10 09:30:47,124 INFO o.a.j.t.JMeterThread: Thread started: Thread Group 1-1
2021-08-10 09:30:47,642 INFO o.a.j.t.JMeterThread: Thread is done: Thread Group 1-1
2021-08-10 09:30:47,642 INFO o.a.j.t.JMeterThread: Thread finished: Thread Group 1-1
2021-08-10 09:30:47,643 INFO o.a.j.e.StandardJMeterEngine: Notifying test listeners of end of test
2021-08-10 09:30:47,643 INFO o.a.j.g.u.JMeterMenuBar: setRunning(false, *local*)
